[28-Jul-2022 21:38:50 UTC] PHP Warning:  unlink(новость3.html): No such file or directory in /Users/agaly/Desktop/news/index.php on line 27
[28-Jul-2022 21:47:13 UTC] PHP Warning:  scandir(page/): failed to open dir: No such file or directory in /Users/agaly/Desktop/news/index.php on line 22
[28-Jul-2022 21:47:13 UTC] PHP Warning:  scandir(): (errno 2): No such file or directory in /Users/agaly/Desktop/news/index.php on line 22
[28-Jul-2022 21:47:13 UTC] PHP Warning:  rename(новость1.html,новость2.html): No such file or directory in /Users/agaly/Desktop/news/index.php on line 28
[28-Jul-2022 21:47:13 UTC] PHP Notice:  Trying to access array offset on value of type bool in /Users/agaly/Desktop/news/index.php on line 29
[28-Jul-2022 21:47:13 UTC] PHP Warning:  rename(page/,./новость3.html): No such file or directory in /Users/agaly/Desktop/news/index.php on line 29
[28-Jul-2022 22:13:30 UTC] PHP Fatal error:  Uncaught TypeError: Argument 2 passed to PHPHtmlParser\Dom::loadStr() must be an instance of PHPHtmlParser\Options or null, bool given, called in /Users/agaly/Desktop/news/index.php on line 30 and defined in /Users/agaly/Desktop/news/vendor/paquettg/php-html-parser/src/PHPHtmlParser/Dom.php:145
Stack trace:
#0 /Users/agaly/Desktop/news/index.php(30): PHPHtmlParser\Dom->loadStr('<!doctype html>...', true)
#1 {main}
  thrown in /Users/agaly/Desktop/news/vendor/paquettg/php-html-parser/src/PHPHtmlParser/Dom.php on line 145
[28-Jul-2022 22:21:46 UTC] PHP Notice:  Undefined offset: 2 in /Users/agaly/Desktop/news/index.php on line 29
[28-Jul-2022 22:23:14 UTC] PHP Warning:  rename(новость1.html,новость2.html): No such file or directory in /Users/agaly/Desktop/news/index.php on line 28
[28-Jul-2022 22:30:45 UTC] PHP Notice:  Undefined offset: 2 in /Users/agaly/Desktop/news/index.php on line 29
[28-Jul-2022 22:34:21 UTC] PHP Warning:  rename(новость2.html,новость3.html): No such file or directory in /Users/agaly/Desktop/news/index.php on line 27
[28-Jul-2022 22:43:24 UTC] PHP Warning:  DOMDocument::loadHTMLFile(): Tag svg invalid in новости.html, line: 96 in /Users/agaly/Desktop/news/index.php on line 32
[28-Jul-2022 22:43:24 UTC] PHP Warning:  DOMDocument::loadHTMLFile(): Tag header invalid in новости.html, line: 97 in /Users/agaly/Desktop/news/index.php on line 32
[28-Jul-2022 22:43:24 UTC] PHP Warning:  DOMDocument::loadHTMLFile(): Tag main invalid in новости.html, line: 103 in /Users/agaly/Desktop/news/index.php on line 32
[28-Jul-2022 22:43:24 UTC] PHP Warning:  DOMDocument::loadHTMLFile(): Opening and ending tag mismatch: main and div in новости.html, line: 311 in /Users/agaly/Desktop/news/index.php on line 32
[28-Jul-2022 22:43:24 UTC] PHP Warning:  DOMDocument::loadHTMLFile(): Tag footer invalid in новости.html, line: 312 in /Users/agaly/Desktop/news/index.php on line 32
[28-Jul-2022 22:43:24 UTC] PHP Warning:  DOMDocument::loadHTMLFile(): End tag : expected '&gt;' in новости.html, line: 322 in /Users/agaly/Desktop/news/index.php on line 32
[28-Jul-2022 22:44:49 UTC] PHP Notice:  Undefined offset: 2 in /Users/agaly/Desktop/news/index.php on line 30
[28-Jul-2022 22:44:49 UTC] PHP Notice:  DOMDocument::loadHTMLFile(): read of 8192 bytes failed with errno=21 Is a directory in /Users/agaly/Desktop/news/index.php on line 33
[28-Jul-2022 22:44:49 UTC] PHP Warning:  DOMDocument::loadHTMLFile(): Document is empty in ./новость1.html, line: 1 in /Users/agaly/Desktop/news/index.php on line 33
[28-Jul-2022 22:49:54 UTC] PHP Warning:  rename(новость2.html,новость3.html): No such file or directory in /Users/agaly/Desktop/news/index.php on line 28
[28-Jul-2022 22:49:54 UTC] PHP Notice:  Undefined offset: 2 in /Users/agaly/Desktop/news/index.php on line 31
[28-Jul-2022 22:49:54 UTC] PHP Notice:  DOMDocument::loadHTMLFile(): read of 8192 bytes failed with errno=21 Is a directory in /Users/agaly/Desktop/news/index.php on line 31
[28-Jul-2022 22:49:54 UTC] PHP Warning:  DOMDocument::loadHTMLFile(): Document is empty in li/, line: 1 in /Users/agaly/Desktop/news/index.php on line 31
[28-Jul-2022 22:49:54 UTC] PHP Notice:  Undefined offset: 2 in /Users/agaly/Desktop/news/index.php on line 34
[28-Jul-2022 22:49:54 UTC] PHP Warning:  unlink(li/): Operation not permitted in /Users/agaly/Desktop/news/index.php on line 34
[28-Jul-2022 22:49:54 UTC] PHP Notice:  Trying to get property 'content' of non-object in /Users/agaly/Desktop/news/index.php on line 35
[28-Jul-2022 22:50:26 UTC] PHP Notice:  Trying to get property 'content' of non-object in /Users/agaly/Desktop/news/index.php on line 35
[28-Jul-2022 22:59:48 UTC] PHP Notice:  Undefined offset: 2 in /Users/agaly/Desktop/news/index.php on line 29
[28-Jul-2022 22:59:48 UTC] PHP Notice:  Undefined offset: 2 in /Users/agaly/Desktop/news/index.php on line 30
[28-Jul-2022 23:06:13 UTC] PHP Fatal error:  strict_types declaration must be the very first statement in the script in /Users/agaly/Desktop/news/vendor/paquettg/php-html-parser/src/PHPHtmlParser/Content.php on line 4
[28-Jul-2022 23:06:35 UTC] PHP Fatal error:  Namespace declaration statement has to be the very first statement or after any declare call in the script in /Users/agaly/Desktop/news/vendor/paquettg/php-html-parser/src/PHPHtmlParser/Content.php on line 6
[28-Jul-2022 23:07:13 UTC] PHP Fatal error:  strict_types declaration must be the very first statement in the script in /Users/agaly/Desktop/news/vendor/paquettg/php-html-parser/src/PHPHtmlParser/Content.php on line 4
[28-Jul-2022 23:08:20 UTC] PHP Notice:  Undefined offset: 2 in /Users/agaly/Desktop/news/index.php on line 29
[28-Jul-2022 23:08:35 UTC] PHP Warning:  rename(новость1.html,новость2.html): No such file or directory in /Users/agaly/Desktop/news/index.php on line 28
[28-Jul-2022 23:08:58 UTC] PHP Warning:  rename(новость2.html,новость3.html): No such file or directory in /Users/agaly/Desktop/news/index.php on line 27
[28-Jul-2022 23:32:44 UTC] PHP Notice:  Trying to get property 'textContent' of non-object in /Users/agaly/Desktop/news/index.php on line 35
[28-Jul-2022 23:32:44 UTC] PHP Notice:  Indirect modification of overloaded element of PHPHtmlParser\Dom\Node\Collection has no effect in /Users/agaly/Desktop/news/index.php on line 35
[28-Jul-2022 23:32:44 UTC] PHP Warning:  Creating default object from empty value in /Users/agaly/Desktop/news/index.php on line 35
[28-Jul-2022 23:32:44 UTC] PHP Fatal error:  Uncaught Error: Call to a member function setAttribute() on null in /Users/agaly/Desktop/news/index.php:36
Stack trace:
#0 {main}
  thrown in /Users/agaly/Desktop/news/index.php on line 36
[28-Jul-2022 23:49:41 UTC] PHP Notice:  Undefined variable: doc in /Users/agaly/Desktop/news/index.php on line 33
[28-Jul-2022 23:49:41 UTC] PHP Fatal error:  Uncaught Error: Call to a member function html() on null in /Users/agaly/Desktop/news/index.php:33
Stack trace:
#0 {main}
  thrown in /Users/agaly/Desktop/news/index.php on line 33
[28-Jul-2022 23:50:43 UTC] PHP Notice:  Undefined property: DOMWrap\NodeList::$text in /Users/agaly/Desktop/news/index.php on line 37
[28-Jul-2022 23:59:24 UTC] PHP Notice:  Undefined variable: news in /Users/agaly/Desktop/news/index.php on line 37
[29-Jul-2022 00:14:17 UTC] PHP Notice:  Undefined index: action in /Users/agaly/Desktop/news/index.php on line 45
[29-Jul-2022 00:24:30 UTC] PHP Notice:  Undefined offset: 2 in /Users/agaly/Desktop/news/index.php on line 38
[29-Jul-2022 00:24:30 UTC] PHP Notice:  Undefined offset: 2 in /Users/agaly/Desktop/news/index.php on line 39
[29-Jul-2022 00:24:30 UTC] PHP Notice:  file_get_contents(): read of 8192 bytes failed with errno=21 Is a directory in /Users/agaly/Desktop/news/index.php on line 39
[29-Jul-2022 00:24:30 UTC] PHP Notice:  file_get_contents(): read of 8192 bytes failed with errno=21 Is a directory in /Users/agaly/Desktop/news/index.php on line 41
[29-Jul-2022 00:24:30 UTC] PHP Notice:  Undefined offset: 2 in /Users/agaly/Desktop/news/index.php on line 42
[29-Jul-2022 00:24:30 UTC] PHP Warning:  unlink(li/): Operation not permitted in /Users/agaly/Desktop/news/index.php on line 42
[29-Jul-2022 01:26:09 UTC] PHP Notice:  Undefined offset: 2 in /Users/agaly/Desktop/news/index.php on line 24
[29-Jul-2022 01:26:09 UTC] PHP Notice:  Undefined offset: 2 in /Users/agaly/Desktop/news/index.php on line 25
[29-Jul-2022 01:26:09 UTC] PHP Notice:  file_get_contents(): read of 8192 bytes failed with errno=21 Is a directory in /Users/agaly/Desktop/news/index.php on line 25
[29-Jul-2022 01:26:09 UTC] PHP Notice:  file_get_contents(): read of 8192 bytes failed with errno=21 Is a directory in /Users/agaly/Desktop/news/index.php on line 27
[29-Jul-2022 01:26:09 UTC] PHP Warning:  file_put_contents(новость1.html): failed to open stream: Is a directory in /Users/agaly/Desktop/news/index.php on line 30
[29-Jul-2022 01:26:09 UTC] PHP Notice:  Undefined offset: 2 in /Users/agaly/Desktop/news/index.php on line 31
[29-Jul-2022 01:26:09 UTC] PHP Warning:  unlink(li/): Operation not permitted in /Users/agaly/Desktop/news/index.php on line 31
[29-Jul-2022 01:43:22 UTC] PHP Notice:  Undefined offset: 2 in /Users/agaly/Desktop/news/index.php on line 24
[29-Jul-2022 01:43:22 UTC] PHP Notice:  Undefined offset: 2 in /Users/agaly/Desktop/news/index.php on line 25
[29-Jul-2022 01:43:22 UTC] PHP Notice:  file_get_contents(): read of 8192 bytes failed with errno=21 Is a directory in /Users/agaly/Desktop/news/index.php on line 25
[29-Jul-2022 01:43:22 UTC] PHP Notice:  file_get_contents(): read of 8192 bytes failed with errno=21 Is a directory in /Users/agaly/Desktop/news/index.php on line 27
[29-Jul-2022 01:43:22 UTC] PHP Warning:  file_put_contents(новость1.html): failed to open stream: Is a directory in /Users/agaly/Desktop/news/index.php on line 30
[29-Jul-2022 01:43:22 UTC] PHP Notice:  Undefined offset: 2 in /Users/agaly/Desktop/news/index.php on line 31
[29-Jul-2022 01:43:22 UTC] PHP Warning:  unlink(li/): Operation not permitted in /Users/agaly/Desktop/news/index.php on line 31
[29-Jul-2022 01:49:34 UTC] PHP Notice:  Undefined offset: 2 in /Users/agaly/Desktop/news/index.php on line 24
[29-Jul-2022 01:49:34 UTC] PHP Notice:  Undefined offset: 2 in /Users/agaly/Desktop/news/index.php on line 25
[29-Jul-2022 01:49:34 UTC] PHP Notice:  file_get_contents(): read of 8192 bytes failed with errno=21 Is a directory in /Users/agaly/Desktop/news/index.php on line 25
[29-Jul-2022 01:49:34 UTC] PHP Notice:  file_get_contents(): read of 8192 bytes failed with errno=21 Is a directory in /Users/agaly/Desktop/news/index.php on line 27
[29-Jul-2022 01:49:34 UTC] PHP Warning:  file_put_contents(новость1.html): failed to open stream: Is a directory in /Users/agaly/Desktop/news/index.php on line 30
[29-Jul-2022 01:49:34 UTC] PHP Notice:  Undefined offset: 2 in /Users/agaly/Desktop/news/index.php on line 31
[29-Jul-2022 01:49:34 UTC] PHP Warning:  unlink(li/): Operation not permitted in /Users/agaly/Desktop/news/index.php on line 31
[29-Jul-2022 01:58:25 UTC] PHP Notice:  Undefined variable: li2StartZ in /Users/agaly/Desktop/news/index.php on line 41
[29-Jul-2022 01:58:42 UTC] PHP Notice:  Undefined variable: li2StartZ in /Users/agaly/Desktop/news/index.php on line 41
[29-Jul-2022 02:11:01 UTC] PHP Notice:  Undefined offset: 2 in /Users/agaly/Desktop/news/script.php on line 21
[29-Jul-2022 02:11:01 UTC] PHP Notice:  Undefined offset: 2 in /Users/agaly/Desktop/news/script.php on line 22
[29-Jul-2022 02:11:01 UTC] PHP Notice:  file_get_contents(): read of 8192 bytes failed with errno=21 Is a directory in /Users/agaly/Desktop/news/script.php on line 22
[29-Jul-2022 02:11:01 UTC] PHP Notice:  file_get_contents(): read of 8192 bytes failed with errno=21 Is a directory in /Users/agaly/Desktop/news/script.php on line 24
[29-Jul-2022 02:11:01 UTC] PHP Warning:  file_put_contents(новость1.html): failed to open stream: Is a directory in /Users/agaly/Desktop/news/script.php on line 27
[29-Jul-2022 02:11:01 UTC] PHP Notice:  Undefined offset: 2 in /Users/agaly/Desktop/news/script.php on line 28
[29-Jul-2022 02:11:01 UTC] PHP Warning:  unlink(li/): Operation not permitted in /Users/agaly/Desktop/news/script.php on line 28
